{"numFailedTestSuites":0,"numFailedTests":0,"numPassedTestSuites":4,"numPassedTests":17,"numPendingTestSuites":0,"numPendingTests":0,"numRuntimeErrorTestSuites":0,"numTodoTests":0,"numTotalTestSuites":4,"numTotalTests":17,"openHandles":[],"snapshot":{"added":0,"didUpdate":false,"failure":false,"filesAdded":0,"filesRemoved":0,"filesRemovedList":[],"filesUnmatched":0,"filesUpdated":0,"matched":17,"total":17,"unchecked":0,"uncheckedKeysByFile":[],"unmatched":0,"updated":0},"startTime":1577807194928,"success":true,"testResults":[{"assertionResults":[{"ancestorTitles":["UI Components","Experimental","Tests","snapshots"],"failureMessages":[],"fullName":"UI Components Experimental Tests snapshots Default","location":null,"status":"passed","title":"Default"}],"endTime":1577807198722,"message":"","name":"C:\\Users\\vente\\Desktop\\coloringbook\\src\\ui\\components\\elements\\Tests\\__tests__\\snapshots.test.tsx","startTime":1577807196867,"status":"passed","summary":""},{"assertionResults":[{"ancestorTitles":["UI Components","Experimental","Arrow","snapshots"],"failureMessages":[],"fullName":"UI Components Experimental Arrow snapshots Default","location":null,"status":"passed","title":"Default"},{"ancestorTitles":["UI Components","Experimental","Arrow","snapshots"],"failureMessages":[],"fullName":"UI Components Experimental Arrow snapshots Change","location":null,"status":"passed","title":"Change"},{"ancestorTitles":["UI Components","Experimental","Arrow","snapshots"],"failureMessages":[],"fullName":"UI Components Experimental Arrow snapshots Demo","location":null,"status":"passed","title":"Demo"},{"ancestorTitles":["UI Components","Experimental","Arrow","snapshots"],"failureMessages":[],"fullName":"UI Components Experimental Arrow snapshots Directions","location":null,"status":"passed","title":"Directions"},{"ancestorTitles":["UI Components","Experimental","Arrow","snapshots"],"failureMessages":[],"fullName":"UI Components Experimental Arrow snapshots Minimal","location":null,"status":"passed","title":"Minimal"},{"ancestorTitles":["UI Components","Experimental","Arrow","snapshots"],"failureMessages":[],"fullName":"UI Components Experimental Arrow snapshots Spacing","location":null,"status":"passed","title":"Spacing"}],"endTime":1577807198864,"message":"","name":"C:\\Users\\vente\\Desktop\\coloringbook\\src\\ui\\components\\elements\\Position\\__tests__\\snapshots.test.tsx","startTime":1577807196853,"status":"passed","summary":""},{"assertionResults":[{"ancestorTitles":["UI Components","Experimental","Arrow","snapshots"],"failureMessages":[],"fullName":"UI Components Experimental Arrow snapshots Default","location":null,"status":"passed","title":"Default"},{"ancestorTitles":["UI Components","Experimental","Arrow","snapshots"],"failureMessages":[],"fullName":"UI Components Experimental Arrow snapshots Change","location":null,"status":"passed","title":"Change"},{"ancestorTitles":["UI Components","Experimental","Arrow","snapshots"],"failureMessages":[],"fullName":"UI Components Experimental Arrow snapshots Directions","location":null,"status":"passed","title":"Directions"},{"ancestorTitles":["UI Components","Experimental","Arrow","snapshots"],"failureMessages":[],"fullName":"UI Components Experimental Arrow snapshots Minimal","location":null,"status":"passed","title":"Minimal"}],"endTime":1577807205602,"message":"","name":"C:\\Users\\vente\\Desktop\\coloringbook\\src\\ui\\components\\elements\\Arrow\\__tests__\\snapshots.test.tsx","startTime":1577807196873,"status":"passed","summary":""},{"assertionResults":[{"ancestorTitles":["UI Components","Elements","Button","snapshots"],"failureMessages":[],"fullName":"UI Components Elements Button snapshots Default","location":null,"status":"passed","title":"Default"},{"ancestorTitles":["UI Components","Elements","Button","snapshots"],"failureMessages":[],"fullName":"UI Components Elements Button snapshots Actions","location":null,"status":"passed","title":"Actions"},{"ancestorTitles":["UI Components","Elements","Button","snapshots"],"failureMessages":[],"fullName":"UI Components Elements Button snapshots Colors","location":null,"status":"passed","title":"Colors"},{"ancestorTitles":["UI Components","Elements","Button","snapshots"],"failureMessages":[],"fullName":"UI Components Elements Button snapshots Disabled","location":null,"status":"passed","title":"Disabled"},{"ancestorTitles":["UI Components","Elements","Button","snapshots"],"failureMessages":[],"fullName":"UI Components Elements Button snapshots Icon","location":null,"status":"passed","title":"Icon"},{"ancestorTitles":["UI Components","Elements","Button","snapshots"],"failureMessages":[],"fullName":"UI Components Elements Button snapshots Loading","location":null,"status":"passed","title":"Loading"}],"endTime":1577807207490,"message":"","name":"C:\\Users\\vente\\Desktop\\coloringbook\\src\\ui\\components\\elements\\Button\\__tests__\\snapshots.test.tsx","startTime":1577807196877,"status":"passed","summary":""}],"wasInterrupted":false}