{"numFailedTestSuites":1,"numFailedTests":6,"numPassedTestSuites":3,"numPassedTests":12,"numPendingTestSuites":0,"numPendingTests":0,"numRuntimeErrorTestSuites":0,"numTodoTests":0,"numTotalTestSuites":4,"numTotalTests":18,"openHandles":[],"snapshot":{"added":0,"didUpdate":false,"failure":true,"filesAdded":0,"filesRemoved":0,"filesRemovedList":[],"filesUnmatched":1,"filesUpdated":0,"matched":12,"total":18,"unchecked":8,"uncheckedKeysByFile":[{"filePath":"C:\\Users\\vente\\Desktop\\coloringbook\\src\\ui\\components\\elements\\Tests\\__tests__\\snapshots.test.tsx","keys":["UI Components Experimental Tests snapshots Default 1","UI Components Experimental Tests snapshots Loading 1"]},{"filePath":"C:\\Users\\vente\\Desktop\\coloringbook\\src\\ui\\components\\elements\\Position\\__tests__\\snapshots.test.tsx","keys":["UI Components Experimental Arrow snapshots Change 1","UI Components Experimental Arrow snapshots Default 1","UI Components Experimental Arrow snapshots Demo 1","UI Components Experimental Arrow snapshots Directions 1","UI Components Experimental Arrow snapshots Minimal 1","UI Components Experimental Arrow snapshots Spacing 1"]}],"unmatched":6,"updated":0},"startTime":1578300777069,"success":false,"testResults":[{"assertionResults":[{"ancestorTitles":["UI Components","Elements","Tests","snapshots"],"failureMessages":[],"fullName":"UI Components Elements Tests snapshots Default","location":null,"status":"passed","title":"Default"},{"ancestorTitles":["UI Components","Elements","Tests","snapshots"],"failureMessages":[],"fullName":"UI Components Elements Tests snapshots Loading","location":null,"status":"passed","title":"Loading"}],"endTime":1578300781506,"message":"","name":"C:\\Users\\vente\\Desktop\\coloringbook\\src\\ui\\components\\elements\\Tests\\__tests__\\snapshots.test.tsx","startTime":1578300779278,"status":"passed","summary":""},{"assertionResults":[{"ancestorTitles":["UI Components","Experimental","Arrow","snapshots"],"failureMessages":[],"fullName":"UI Components Experimental Arrow snapshots Default","location":null,"status":"passed","title":"Default"},{"ancestorTitles":["UI Components","Experimental","Arrow","snapshots"],"failureMessages":[],"fullName":"UI Components Experimental Arrow snapshots Change","location":null,"status":"passed","title":"Change"},{"ancestorTitles":["UI Components","Experimental","Arrow","snapshots"],"failureMessages":[],"fullName":"UI Components Experimental Arrow snapshots Directions","location":null,"status":"passed","title":"Directions"},{"ancestorTitles":["UI Components","Experimental","Arrow","snapshots"],"failureMessages":[],"fullName":"UI Components Experimental Arrow snapshots Minimal","location":null,"status":"passed","title":"Minimal"}],"endTime":1578300791798,"message":"","name":"C:\\Users\\vente\\Desktop\\coloringbook\\src\\ui\\components\\elements\\Arrow\\__tests__\\snapshots.test.tsx","startTime":1578300779220,"status":"passed","summary":""},{"assertionResults":[{"ancestorTitles":["UI Components","Elements","Position","snapshots"],"failureMessages":["Error: \u001b[2mexpect(\u001b[22m\u001b[31mreceived\u001b[39m\u001b[2m).\u001b[22mtoMatchSnapshot\u001b[2m()\u001b[22m\n\nSnapshot name: `UI Components Elements Position snapshots Default 1`\n\n\u001b[32m- Snapshot\u001b[39m\n\u001b[31m+ Received\u001b[39m\n\n\u001b[33m@@ -25,10 +25,11 @@\u001b[39m\n\u001b[2m  }\u001b[22m\n\u001b[2m  \u001b[22m\n\u001b[2m  .c2 {\u001b[22m\n\u001b[2m    background: yellow;\u001b[22m\n\u001b[2m    width: 100%;\u001b[22m\n\u001b[31m+   mix-blend-mode: multiply;\u001b[39m\n\u001b[2m  }\u001b[22m\n\u001b[2m  \u001b[22m\n\u001b[2m  <div\u001b[22m\n\u001b[2m    className=\"c0\"\u001b[22m\n\u001b[2m  >\u001b[22m\n    at Object.<anonymous> (C:\\Users\\vente\\Desktop\\coloringbook\\src\\ui\\components\\elements\\Position\\__tests__\\snapshots.test.tsx:11:57)\n    at Object.asyncJestTest (C:\\Users\\vente\\Desktop\\coloringbook\\node_modules\\jest-jasmine2\\build\\jasmineAsyncInstall.js:102:37)\n    at C:\\Users\\vente\\Desktop\\coloringbook\\node_modules\\jest-jasmine2\\build\\queueRunner.js:43:12\n    at new Promise (<anonymous>)\n    at mapper (C:\\Users\\vente\\Desktop\\coloringbook\\node_modules\\jest-jasmine2\\build\\queueRunner.js:26:19)\n    at C:\\Users\\vente\\Desktop\\coloringbook\\node_modules\\jest-jasmine2\\build\\queueRunner.js:73:41\n    at processTicksAndRejections (internal/process/task_queues.js:97:5)"],"fullName":"UI Components Elements Position snapshots Default","location":null,"status":"failed","title":"Default"},{"ancestorTitles":["UI Components","Elements","Position","snapshots"],"failureMessages":["Error: \u001b[2mexpect(\u001b[22m\u001b[31mreceived\u001b[39m\u001b[2m).\u001b[22mtoMatchSnapshot\u001b[2m()\u001b[22m\n\nSnapshot name: `UI Components Elements Position snapshots Change 1`\n\n\u001b[32m- Snapshot\u001b[39m\n\u001b[31m+ Received\u001b[39m\n\n\u001b[33m@@ -22,26 +22,26 @@\u001b[39m\n\u001b[2m  .c0 {\u001b[22m\n\u001b[2m    border: 1px dashed blue;\u001b[22m\n\u001b[2m    display: inline-block;\u001b[22m\n\u001b[2m  }\u001b[22m\n\u001b[2m  \u001b[22m\n\u001b[31m+ .c2 {\u001b[39m\n\u001b[31m+   background: yellow;\u001b[39m\n\u001b[31m+   width: 100%;\u001b[39m\n\u001b[31m+   mix-blend-mode: multiply;\u001b[39m\n\u001b[31m+ }\u001b[39m\n\u001b[31m+ \u001b[39m\n\u001b[2m  <div\u001b[22m\n\u001b[2m    className=\"c0\"\u001b[22m\n\u001b[2m  >\u001b[22m\n\u001b[2m    <div\u001b[22m\n\u001b[2m      className=\"c1\"\u001b[22m\n\u001b[2m      height=\"auto\"\u001b[22m\n\u001b[2m      width=\"auto\"\u001b[22m\n\u001b[2m    >\u001b[22m\n\u001b[2m      <div\u001b[22m\n\u001b[32m-       style={\u001b[39m\n\u001b[32m-         Object {\u001b[39m\n\u001b[32m-           \"border\": \"1px solid blue\",\u001b[39m\n\u001b[32m-           \"margin\": \"0.5rem\",\u001b[39m\n\u001b[32m-           \"padding\": \"1rem\",\u001b[39m\n\u001b[32m-         }\u001b[39m\n\u001b[32m-       }\u001b[39m\n\u001b[31m+       className=\"c2\"\u001b[39m\n\u001b[2m      >\u001b[22m\n\u001b[2m        Hello World!\u001b[22m\n\u001b[2m      </div>\u001b[22m\n\u001b[2m    </div>\u001b[22m\n\u001b[2m  </div>\u001b[22m\n    at Object.<anonymous> (C:\\Users\\vente\\Desktop\\coloringbook\\src\\ui\\components\\elements\\Position\\__tests__\\snapshots.test.tsx:15:58)\n    at Object.asyncJestTest (C:\\Users\\vente\\Desktop\\coloringbook\\node_modules\\jest-jasmine2\\build\\jasmineAsyncInstall.js:102:37)\n    at C:\\Users\\vente\\Desktop\\coloringbook\\node_modules\\jest-jasmine2\\build\\queueRunner.js:43:12\n    at new Promise (<anonymous>)\n    at mapper (C:\\Users\\vente\\Desktop\\coloringbook\\node_modules\\jest-jasmine2\\build\\queueRunner.js:26:19)\n    at C:\\Users\\vente\\Desktop\\coloringbook\\node_modules\\jest-jasmine2\\build\\queueRunner.js:73:41\n    at processTicksAndRejections (internal/process/task_queues.js:97:5)"],"fullName":"UI Components Elements Position snapshots Change","location":null,"status":"failed","title":"Change"},{"ancestorTitles":["UI Components","Elements","Position","snapshots"],"failureMessages":["Error: \u001b[2mexpect(\u001b[22m\u001b[31mreceived\u001b[39m\u001b[2m).\u001b[22mtoMatchSnapshot\u001b[2m()\u001b[22m\n\nSnapshot name: `UI Components Elements Position snapshots Demo 1`\n\n\u001b[32m- Snapshot\u001b[39m\n\u001b[31m+ Received\u001b[39m\n\n\u001b[33m@@ -26,10 +26,11 @@\u001b[39m\n\u001b[2m  }\u001b[22m\n\u001b[2m  \u001b[22m\n\u001b[2m  .c2 {\u001b[22m\n\u001b[2m    background: yellow;\u001b[22m\n\u001b[2m    width: 100%;\u001b[22m\n\u001b[31m+   mix-blend-mode: multiply;\u001b[39m\n\u001b[2m  }\u001b[22m\n\u001b[2m  \u001b[22m\n\u001b[2m  <div\u001b[22m\n\u001b[2m      className=\"c0\"\u001b[22m\n\u001b[2m    >\u001b[22m\n\u001b[33m@@ -72,10 +73,11 @@\u001b[39m\n\u001b[2m  }\u001b[22m\n\u001b[2m  \u001b[22m\n\u001b[2m  .c2 {\u001b[22m\n\u001b[2m    background: yellow;\u001b[22m\n\u001b[2m    width: 100%;\u001b[22m\n\u001b[31m+   mix-blend-mode: multiply;\u001b[39m\n\u001b[2m  }\u001b[22m\n\u001b[2m  \u001b[22m\n\u001b[2m  <div\u001b[22m\n\u001b[2m      className=\"c0\"\u001b[22m\n\u001b[2m    >\u001b[22m\n\u001b[33m@@ -118,10 +120,11 @@\u001b[39m\n\u001b[2m  }\u001b[22m\n\u001b[2m  \u001b[22m\n\u001b[2m  .c2 {\u001b[22m\n\u001b[2m    background: yellow;\u001b[22m\n\u001b[2m    width: 100%;\u001b[22m\n\u001b[31m+   mix-blend-mode: multiply;\u001b[39m\n\u001b[2m  }\u001b[22m\n\u001b[2m  \u001b[22m\n\u001b[2m  <div\u001b[22m\n\u001b[2m      className=\"c0\"\u001b[22m\n\u001b[2m    >\u001b[22m\n    at Object.<anonymous> (C:\\Users\\vente\\Desktop\\coloringbook\\src\\ui\\components\\elements\\Position\\__tests__\\snapshots.test.tsx:19:60)\n    at Object.asyncJestTest (C:\\Users\\vente\\Desktop\\coloringbook\\node_modules\\jest-jasmine2\\build\\jasmineAsyncInstall.js:102:37)\n    at C:\\Users\\vente\\Desktop\\coloringbook\\node_modules\\jest-jasmine2\\build\\queueRunner.js:43:12\n    at new Promise (<anonymous>)\n    at mapper (C:\\Users\\vente\\Desktop\\coloringbook\\node_modules\\jest-jasmine2\\build\\queueRunner.js:26:19)\n    at C:\\Users\\vente\\Desktop\\coloringbook\\node_modules\\jest-jasmine2\\build\\queueRunner.js:73:41\n    at processTicksAndRejections (internal/process/task_queues.js:97:5)"],"fullName":"UI Components Elements Position snapshots Demo","location":null,"status":"failed","title":"Demo"},{"ancestorTitles":["UI Components","Elements","Position","snapshots"],"failureMessages":["Error: \u001b[2mexpect(\u001b[22m\u001b[31mreceived\u001b[39m\u001b[2m).\u001b[22mtoMatchSnapshot\u001b[2m()\u001b[22m\n\nSnapshot name: `UI Components Elements Position snapshots Directions 1`\n\n\u001b[32m- Snapshot\u001b[39m\n\u001b[31m+ Received\u001b[39m\n\n\u001b[33m@@ -26,10 +26,11 @@\u001b[39m\n\u001b[2m  }\u001b[22m\n\u001b[2m  \u001b[22m\n\u001b[2m  .c2 {\u001b[22m\n\u001b[2m    background: yellow;\u001b[22m\n\u001b[2m    width: 100%;\u001b[22m\n\u001b[31m+   mix-blend-mode: multiply;\u001b[39m\n\u001b[2m  }\u001b[22m\n\u001b[2m  \u001b[22m\n\u001b[2m  <div\u001b[22m\n\u001b[2m      className=\"c0\"\u001b[22m\n\u001b[2m    >\u001b[22m\n\u001b[33m@@ -72,10 +73,11 @@\u001b[39m\n\u001b[2m  }\u001b[22m\n\u001b[2m  \u001b[22m\n\u001b[2m  .c2 {\u001b[22m\n\u001b[2m    background: yellow;\u001b[22m\n\u001b[2m    width: 100%;\u001b[22m\n\u001b[31m+   mix-blend-mode: multiply;\u001b[39m\n\u001b[2m  }\u001b[22m\n\u001b[2m  \u001b[22m\n\u001b[2m  <div\u001b[22m\n\u001b[2m      className=\"c0\"\u001b[22m\n\u001b[2m    >\u001b[22m\n\u001b[33m@@ -118,10 +120,11 @@\u001b[39m\n\u001b[2m  }\u001b[22m\n\u001b[2m  \u001b[22m\n\u001b[2m  .c2 {\u001b[22m\n\u001b[2m    background: yellow;\u001b[22m\n\u001b[2m    width: 100%;\u001b[22m\n\u001b[31m+   mix-blend-mode: multiply;\u001b[39m\n\u001b[2m  }\u001b[22m\n\u001b[2m  \u001b[22m\n\u001b[2m  <div\u001b[22m\n\u001b[2m      className=\"c0\"\u001b[22m\n\u001b[2m    >\u001b[22m\n\u001b[33m@@ -164,10 +167,11 @@\u001b[39m\n\u001b[2m  }\u001b[22m\n\u001b[2m  \u001b[22m\n\u001b[2m  .c2 {\u001b[22m\n\u001b[2m    background: yellow;\u001b[22m\n\u001b[2m    width: 100%;\u001b[22m\n\u001b[31m+   mix-blend-mode: multiply;\u001b[39m\n\u001b[2m  }\u001b[22m\n\u001b[2m  \u001b[22m\n\u001b[2m  <div\u001b[22m\n\u001b[2m      className=\"c0\"\u001b[22m\n\u001b[2m    >\u001b[22m\n    at Object.<anonymous> (C:\\Users\\vente\\Desktop\\coloringbook\\src\\ui\\components\\elements\\Position\\__tests__\\snapshots.test.tsx:23:55)\n    at Object.asyncJestTest (C:\\Users\\vente\\Desktop\\coloringbook\\node_modules\\jest-jasmine2\\build\\jasmineAsyncInstall.js:102:37)\n    at C:\\Users\\vente\\Desktop\\coloringbook\\node_modules\\jest-jasmine2\\build\\queueRunner.js:43:12\n    at new Promise (<anonymous>)\n    at mapper (C:\\Users\\vente\\Desktop\\coloringbook\\node_modules\\jest-jasmine2\\build\\queueRunner.js:26:19)\n    at C:\\Users\\vente\\Desktop\\coloringbook\\node_modules\\jest-jasmine2\\build\\queueRunner.js:73:41\n    at processTicksAndRejections (internal/process/task_queues.js:97:5)"],"fullName":"UI Components Elements Position snapshots Directions","location":null,"status":"failed","title":"Directions"},{"ancestorTitles":["UI Components","Elements","Position","snapshots"],"failureMessages":["Error: \u001b[2mexpect(\u001b[22m\u001b[31mreceived\u001b[39m\u001b[2m).\u001b[22mtoMatchSnapshot\u001b[2m()\u001b[22m\n\nSnapshot name: `UI Components Elements Position snapshots Minimal 1`\n\n\u001b[32m- Snapshot\u001b[39m\n\u001b[31m+ Received\u001b[39m\n\n\u001b[33m@@ -21,10 +21,11 @@\u001b[39m\n\u001b[2m  }\u001b[22m\n\u001b[2m  \u001b[22m\n\u001b[2m  .c1 {\u001b[22m\n\u001b[2m    background: yellow;\u001b[22m\n\u001b[2m    width: 100%;\u001b[22m\n\u001b[31m+   mix-blend-mode: multiply;\u001b[39m\n\u001b[2m  }\u001b[22m\n\u001b[2m  \u001b[22m\n\u001b[2m  <div>\u001b[22m\n\u001b[2m      <div\u001b[22m\n\u001b[2m        className=\"c0\"\u001b[22m\n\u001b[33m@@ -36,11 +37,11 @@\u001b[39m\n\u001b[2m        >\u001b[22m\n\u001b[2m          Hello World!\u001b[22m\n\u001b[2m        </div>\u001b[22m\n\u001b[2m      </div>\u001b[22m\n\u001b[2m    </div>,\u001b[22m\n\u001b[32m-   .c1 {\u001b[39m\n\u001b[31m+   .c0 {\u001b[39m\n\u001b[2m    display: -webkit-inline-box;\u001b[22m\n\u001b[2m    display: -webkit-inline-flex;\u001b[22m\n\u001b[2m    display: -ms-inline-flexbox;\u001b[22m\n\u001b[2m    display: inline-flex;\u001b[22m\n\u001b[2m    width: autopx;\u001b[22m\n\u001b[33m@@ -57,42 +58,35 @@\u001b[39m\n\u001b[2m    padding-right: 0;\u001b[22m\n\u001b[2m    padding-bottom: 0;\u001b[22m\n\u001b[2m    padding-left: 0;\u001b[22m\n\u001b[2m  }\u001b[22m\n\u001b[2m  \u001b[22m\n\u001b[32m- .c0 {\u001b[39m\n\u001b[32m-   border: 1px dashed blue;\u001b[39m\n\u001b[32m-   display: inline-block;\u001b[39m\n\u001b[32m- }\u001b[39m\n\u001b[32m- \u001b[39m\n\u001b[32m- .c2 {\u001b[39m\n\u001b[31m+ .c1 {\u001b[39m\n\u001b[2m    background: yellow;\u001b[22m\n\u001b[2m    width: 100%;\u001b[22m\n\u001b[31m+   mix-blend-mode: multiply;\u001b[39m\n\u001b[2m  }\u001b[22m\n\u001b[2m  \u001b[22m\n\u001b[2m  <div>\u001b[22m\n\u001b[2m      <div\u001b[22m\n\u001b[2m        className=\"c0\"\u001b[22m\n\u001b[32m-     />\u001b[39m\n\u001b[32m-     <div\u001b[39m\n\u001b[32m-       className=\"c1\"\u001b[39m\n\u001b[2m        height=\"auto\"\u001b[22m\n\u001b[2m        width=\"auto\"\u001b[22m\n\u001b[2m      >\u001b[22m\n\u001b[2m        <div\u001b[22m\n\u001b[32m-         className=\"c2\"\u001b[39m\n\u001b[31m+         className=\"c1\"\u001b[39m\n\u001b[2m        >\u001b[22m\n\u001b[2m          Hello World!\u001b[22m\n\u001b[2m        </div>\u001b[22m\n\u001b[2m      </div>\u001b[22m\n\u001b[2m    </div>,\u001b[22m\n\u001b[32m-   .c1 {\u001b[39m\n\u001b[31m+   .c0 {\u001b[39m\n\u001b[2m    display: -webkit-inline-box;\u001b[22m\n\u001b[2m    display: -webkit-inline-flex;\u001b[22m\n\u001b[2m    display: -ms-inline-flexbox;\u001b[22m\n\u001b[2m    display: inline-flex;\u001b[22m\n\u001b[32m-   width: 250px;\u001b[39m\n\u001b[31m+   width: 100px;\u001b[39m\n\u001b[2m    height: autopx;\u001b[22m\n\u001b[2m    -webkit-box-pack: start;\u001b[22m\n\u001b[2m    -webkit-justify-content: flex-start;\u001b[22m\n\u001b[2m    -ms-flex-pack: start;\u001b[22m\n\u001b[2m    justify-content: flex-start;\u001b[22m\n\u001b[33m@@ -104,30 +98,24 @@\u001b[39m\n\u001b[2m    padding-right: 0;\u001b[22m\n\u001b[2m    padding-bottom: 0;\u001b[22m\n\u001b[2m    padding-left: 0;\u001b[22m\n\u001b[2m  }\u001b[22m\n\u001b[2m  \u001b[22m\n\u001b[32m- .c0 {\u001b[39m\n\u001b[32m-   border: 1px dashed blue;\u001b[39m\n\u001b[32m-   display: inline-block;\u001b[39m\n\u001b[32m- }\u001b[39m\n\u001b[32m- \u001b[39m\n\u001b[32m- .c2 {\u001b[39m\n\u001b[31m+ .c1 {\u001b[39m\n\u001b[2m    background: yellow;\u001b[22m\n\u001b[2m    width: 100%;\u001b[22m\n\u001b[31m+   mix-blend-mode: multiply;\u001b[39m\n\u001b[2m  }\u001b[22m\n\u001b[2m  \u001b[22m\n\u001b[32m- <div\u001b[39m\n\u001b[32m-     className=\"c0\"\u001b[39m\n\u001b[32m-   >\u001b[39m\n\u001b[31m+ <div>\u001b[39m\n\u001b[2m      <div\u001b[22m\n\u001b[32m-       className=\"c1\"\u001b[39m\n\u001b[31m+       className=\"c0\"\u001b[39m\n\u001b[2m        height=\"auto\"\u001b[22m\n\u001b[32m-       width={250}\u001b[39m\n\u001b[31m+       width={100}\u001b[39m\n\u001b[2m      >\u001b[22m\n\u001b[2m        <div\u001b[22m\n\u001b[32m-         className=\"c2\"\u001b[39m\n\u001b[31m+         className=\"c1\"\u001b[39m\n\u001b[2m        >\u001b[22m\n\u001b[2m          Hello World!\u001b[22m\n\u001b[2m        </div>\u001b[22m\n\u001b[2m      </div>\u001b[22m\n\u001b[2m    </div>,\u001b[22m\n    at Object.<anonymous> (C:\\Users\\vente\\Desktop\\coloringbook\\src\\ui\\components\\elements\\Position\\__tests__\\snapshots.test.tsx:27:55)\n    at Object.asyncJestTest (C:\\Users\\vente\\Desktop\\coloringbook\\node_modules\\jest-jasmine2\\build\\jasmineAsyncInstall.js:102:37)\n    at C:\\Users\\vente\\Desktop\\coloringbook\\node_modules\\jest-jasmine2\\build\\queueRunner.js:43:12\n    at new Promise (<anonymous>)\n    at mapper (C:\\Users\\vente\\Desktop\\coloringbook\\node_modules\\jest-jasmine2\\build\\queueRunner.js:26:19)\n    at C:\\Users\\vente\\Desktop\\coloringbook\\node_modules\\jest-jasmine2\\build\\queueRunner.js:73:41\n    at processTicksAndRejections (internal/process/task_queues.js:97:5)"],"fullName":"UI Components Elements Position snapshots Minimal","location":null,"status":"failed","title":"Minimal"},{"ancestorTitles":["UI Components","Elements","Position","snapshots"],"failureMessages":["Error: \u001b[2mexpect(\u001b[22m\u001b[31mreceived\u001b[39m\u001b[2m).\u001b[22mtoMatchSnapshot\u001b[2m()\u001b[22m\n\nSnapshot name: `UI Components Elements Position snapshots Spacing 1`\n\n\u001b[32m- Snapshot\u001b[39m\n\u001b[31m+ Received\u001b[39m\n\n\u001b[33m@@ -26,10 +26,11 @@\u001b[39m\n\u001b[2m  }\u001b[22m\n\u001b[2m  \u001b[22m\n\u001b[2m  .c2 {\u001b[22m\n\u001b[2m    background: yellow;\u001b[22m\n\u001b[2m    width: 100%;\u001b[22m\n\u001b[31m+   mix-blend-mode: multiply;\u001b[39m\n\u001b[2m  }\u001b[22m\n\u001b[2m  \u001b[22m\n\u001b[2m  <div\u001b[22m\n\u001b[2m      className=\"c0\"\u001b[22m\n\u001b[2m    >\u001b[22m\n\u001b[33m@@ -72,10 +73,11 @@\u001b[39m\n\u001b[2m  }\u001b[22m\n\u001b[2m  \u001b[22m\n\u001b[2m  .c2 {\u001b[22m\n\u001b[2m    background: yellow;\u001b[22m\n\u001b[2m    width: 100%;\u001b[22m\n\u001b[31m+   mix-blend-mode: multiply;\u001b[39m\n\u001b[2m  }\u001b[22m\n\u001b[2m  \u001b[22m\n\u001b[2m  <div\u001b[22m\n\u001b[2m      className=\"c0\"\u001b[22m\n\u001b[2m    >\u001b[22m\n\u001b[33m@@ -118,10 +120,11 @@\u001b[39m\n\u001b[2m  }\u001b[22m\n\u001b[2m  \u001b[22m\n\u001b[2m  .c2 {\u001b[22m\n\u001b[2m    background: yellow;\u001b[22m\n\u001b[2m    width: 100%;\u001b[22m\n\u001b[31m+   mix-blend-mode: multiply;\u001b[39m\n\u001b[2m  }\u001b[22m\n\u001b[2m  \u001b[22m\n\u001b[2m  <div\u001b[22m\n\u001b[2m      className=\"c0\"\u001b[22m\n\u001b[2m    >\u001b[22m\n\u001b[33m@@ -164,10 +167,11 @@\u001b[39m\n\u001b[2m  }\u001b[22m\n\u001b[2m  \u001b[22m\n\u001b[2m  .c2 {\u001b[22m\n\u001b[2m    background: yellow;\u001b[22m\n\u001b[2m    width: 100%;\u001b[22m\n\u001b[31m+   mix-blend-mode: multiply;\u001b[39m\n\u001b[2m  }\u001b[22m\n\u001b[2m  \u001b[22m\n\u001b[2m  <div\u001b[22m\n\u001b[2m      className=\"c0\"\u001b[22m\n\u001b[2m    >\u001b[22m\n\u001b[33m@@ -210,10 +214,11 @@\u001b[39m\n\u001b[2m  }\u001b[22m\n\u001b[2m  \u001b[22m\n\u001b[2m  .c2 {\u001b[22m\n\u001b[2m    background: yellow;\u001b[22m\n\u001b[2m    width: 100%;\u001b[22m\n\u001b[31m+   mix-blend-mode: multiply;\u001b[39m\n\u001b[2m  }\u001b[22m\n\u001b[2m  \u001b[22m\n\u001b[2m  <div\u001b[22m\n\u001b[2m      className=\"c0\"\u001b[22m\n\u001b[2m    >\u001b[22m\n    at Object.<anonymous> (C:\\Users\\vente\\Desktop\\coloringbook\\src\\ui\\components\\elements\\Position\\__tests__\\snapshots.test.tsx:31:57)\n    at Object.asyncJestTest (C:\\Users\\vente\\Desktop\\coloringbook\\node_modules\\jest-jasmine2\\build\\jasmineAsyncInstall.js:102:37)\n    at C:\\Users\\vente\\Desktop\\coloringbook\\node_modules\\jest-jasmine2\\build\\queueRunner.js:43:12\n    at new Promise (<anonymous>)\n    at mapper (C:\\Users\\vente\\Desktop\\coloringbook\\node_modules\\jest-jasmine2\\build\\queueRunner.js:26:19)\n    at C:\\Users\\vente\\Desktop\\coloringbook\\node_modules\\jest-jasmine2\\build\\queueRunner.js:73:41\n    at processTicksAndRejections (internal/process/task_queues.js:97:5)"],"fullName":"UI Components Elements Position snapshots Spacing","location":null,"status":"failed","title":"Spacing"}],"endTime":1578300793545,"message":"\u001b[1m\u001b[31m  \u001b[1m● \u001b[1mUI Components › Elements › Position › snapshots › Default\u001b[39m\u001b[22m\n\n    \u001b[2mexpect(\u001b[22m\u001b[31mreceived\u001b[39m\u001b[2m).\u001b[22mtoMatchSnapshot\u001b[2m()\u001b[22m\n\n    Snapshot name: `UI Components Elements Position snapshots Default 1`\n\n    \u001b[32m- Snapshot\u001b[39m\n    \u001b[31m+ Received\u001b[39m\n\n    \u001b[33m@@ -25,10 +25,11 @@\u001b[39m\n    \u001b[2m  }\u001b[22m\n    \u001b[2m  \u001b[22m\n    \u001b[2m  .c2 {\u001b[22m\n    \u001b[2m    background: yellow;\u001b[22m\n    \u001b[2m    width: 100%;\u001b[22m\n    \u001b[31m+   mix-blend-mode: multiply;\u001b[39m\n    \u001b[2m  }\u001b[22m\n    \u001b[2m  \u001b[22m\n    \u001b[2m  <div\u001b[22m\n    \u001b[2m    className=\"c0\"\u001b[22m\n    \u001b[2m  >\u001b[22m\n\u001b[2m\u001b[22m\n\u001b[2m    \u001b[0m \u001b[90m  9 | \u001b[39m      describe(\u001b[32m'snapshots'\u001b[39m\u001b[33m,\u001b[39m ()\u001b[33m:\u001b[39m \u001b[36mvoid\u001b[39m \u001b[33m=>\u001b[39m {\u001b[0m\u001b[22m\n\u001b[2m    \u001b[0m \u001b[90m 10 | \u001b[39m        test(\u001b[32m'Default'\u001b[39m\u001b[33m,\u001b[39m ()\u001b[33m:\u001b[39m \u001b[36mvoid\u001b[39m \u001b[33m=>\u001b[39m {\u001b[0m\u001b[22m\n\u001b[2m    \u001b[0m\u001b[31m\u001b[1m>\u001b[2m\u001b[39m\u001b[90m 11 | \u001b[39m          expect(renderer\u001b[33m.\u001b[39mcreate(\u001b[33m<\u001b[39m\u001b[33mDefault\u001b[39m \u001b[33m/\u001b[39m\u001b[33m>\u001b[39m)\u001b[33m.\u001b[39mtoJSON())\u001b[33m.\u001b[39mtoMatchSnapshot()\u001b[33m;\u001b[39m\u001b[0m\u001b[22m\n\u001b[2m    \u001b[0m \u001b[90m    | \u001b[39m                                                        \u001b[31m\u001b[1m^\u001b[2m\u001b[39m\u001b[0m\u001b[22m\n\u001b[2m    \u001b[0m \u001b[90m 12 | \u001b[39m        })\u001b[33m;\u001b[39m\u001b[0m\u001b[22m\n\u001b[2m    \u001b[0m \u001b[90m 13 | \u001b[39m\u001b[0m\u001b[22m\n\u001b[2m    \u001b[0m \u001b[90m 14 | \u001b[39m        test(\u001b[32m'Change'\u001b[39m\u001b[33m,\u001b[39m ()\u001b[33m:\u001b[39m \u001b[36mvoid\u001b[39m \u001b[33m=>\u001b[39m {\u001b[0m\u001b[22m\n\u001b[2m\u001b[22m\n\u001b[2m      \u001b[2mat Object.<anonymous> (\u001b[2m\u001b[0m\u001b[36msrc/ui/components/elements/Position/__tests__/snapshots.test.tsx\u001b[39m\u001b[0m\u001b[2m:11:57)\u001b[2m\u001b[22m\n\n\u001b[1m\u001b[31m  \u001b[1m● \u001b[1mUI Components › Elements › Position › snapshots › Change\u001b[39m\u001b[22m\n\n    \u001b[2mexpect(\u001b[22m\u001b[31mreceived\u001b[39m\u001b[2m).\u001b[22mtoMatchSnapshot\u001b[2m()\u001b[22m\n\n    Snapshot name: `UI Components Elements Position snapshots Change 1`\n\n    \u001b[32m- Snapshot\u001b[39m\n    \u001b[31m+ Received\u001b[39m\n\n    \u001b[33m@@ -22,26 +22,26 @@\u001b[39m\n    \u001b[2m  .c0 {\u001b[22m\n    \u001b[2m    border: 1px dashed blue;\u001b[22m\n    \u001b[2m    display: inline-block;\u001b[22m\n    \u001b[2m  }\u001b[22m\n    \u001b[2m  \u001b[22m\n    \u001b[31m+ .c2 {\u001b[39m\n    \u001b[31m+   background: yellow;\u001b[39m\n    \u001b[31m+   width: 100%;\u001b[39m\n    \u001b[31m+   mix-blend-mode: multiply;\u001b[39m\n    \u001b[31m+ }\u001b[39m\n    \u001b[31m+ \u001b[39m\n    \u001b[2m  <div\u001b[22m\n    \u001b[2m    className=\"c0\"\u001b[22m\n    \u001b[2m  >\u001b[22m\n    \u001b[2m    <div\u001b[22m\n    \u001b[2m      className=\"c1\"\u001b[22m\n    \u001b[2m      height=\"auto\"\u001b[22m\n    \u001b[2m      width=\"auto\"\u001b[22m\n    \u001b[2m    >\u001b[22m\n    \u001b[2m      <div\u001b[22m\n    \u001b[32m-       style={\u001b[39m\n    \u001b[32m-         Object {\u001b[39m\n    \u001b[32m-           \"border\": \"1px solid blue\",\u001b[39m\n    \u001b[32m-           \"margin\": \"0.5rem\",\u001b[39m\n    \u001b[32m-           \"padding\": \"1rem\",\u001b[39m\n    \u001b[32m-         }\u001b[39m\n    \u001b[32m-       }\u001b[39m\n    \u001b[31m+       className=\"c2\"\u001b[39m\n    \u001b[2m      >\u001b[22m\n    \u001b[2m        Hello World!\u001b[22m\n    \u001b[2m      </div>\u001b[22m\n    \u001b[2m    </div>\u001b[22m\n    \u001b[2m  </div>\u001b[22m\n\u001b[2m\u001b[22m\n\u001b[2m    \u001b[0m \u001b[90m 13 | \u001b[39m\u001b[0m\u001b[22m\n\u001b[2m    \u001b[0m \u001b[90m 14 | \u001b[39m        test(\u001b[32m'Change'\u001b[39m\u001b[33m,\u001b[39m ()\u001b[33m:\u001b[39m \u001b[36mvoid\u001b[39m \u001b[33m=>\u001b[39m {\u001b[0m\u001b[22m\n\u001b[2m    \u001b[0m\u001b[31m\u001b[1m>\u001b[2m\u001b[39m\u001b[90m 15 | \u001b[39m          expect(renderer\u001b[33m.\u001b[39mcreate(\u001b[33m<\u001b[39m\u001b[33mNegative\u001b[39m \u001b[33m/\u001b[39m\u001b[33m>\u001b[39m)\u001b[33m.\u001b[39mtoJSON())\u001b[33m.\u001b[39mtoMatchSnapshot()\u001b[33m;\u001b[39m\u001b[0m\u001b[22m\n\u001b[2m    \u001b[0m \u001b[90m    | \u001b[39m                                                         \u001b[31m\u001b[1m^\u001b[2m\u001b[39m\u001b[0m\u001b[22m\n\u001b[2m    \u001b[0m \u001b[90m 16 | \u001b[39m        })\u001b[33m;\u001b[39m\u001b[0m\u001b[22m\n\u001b[2m    \u001b[0m \u001b[90m 17 | \u001b[39m\u001b[0m\u001b[22m\n\u001b[2m    \u001b[0m \u001b[90m 18 | \u001b[39m        test(\u001b[32m'Demo'\u001b[39m\u001b[33m,\u001b[39m ()\u001b[33m:\u001b[39m \u001b[36mvoid\u001b[39m \u001b[33m=>\u001b[39m {\u001b[0m\u001b[22m\n\u001b[2m\u001b[22m\n\u001b[2m      \u001b[2mat Object.<anonymous> (\u001b[2m\u001b[0m\u001b[36msrc/ui/components/elements/Position/__tests__/snapshots.test.tsx\u001b[39m\u001b[0m\u001b[2m:15:58)\u001b[2m\u001b[22m\n\n\u001b[1m\u001b[31m  \u001b[1m● \u001b[1mUI Components › Elements › Position › snapshots › Demo\u001b[39m\u001b[22m\n\n    \u001b[2mexpect(\u001b[22m\u001b[31mreceived\u001b[39m\u001b[2m).\u001b[22mtoMatchSnapshot\u001b[2m()\u001b[22m\n\n    Snapshot name: `UI Components Elements Position snapshots Demo 1`\n\n    \u001b[32m- Snapshot\u001b[39m\n    \u001b[31m+ Received\u001b[39m\n\n    \u001b[33m@@ -26,10 +26,11 @@\u001b[39m\n    \u001b[2m  }\u001b[22m\n    \u001b[2m  \u001b[22m\n    \u001b[2m  .c2 {\u001b[22m\n    \u001b[2m    background: yellow;\u001b[22m\n    \u001b[2m    width: 100%;\u001b[22m\n    \u001b[31m+   mix-blend-mode: multiply;\u001b[39m\n    \u001b[2m  }\u001b[22m\n    \u001b[2m  \u001b[22m\n    \u001b[2m  <div\u001b[22m\n    \u001b[2m      className=\"c0\"\u001b[22m\n    \u001b[2m    >\u001b[22m\n    \u001b[33m@@ -72,10 +73,11 @@\u001b[39m\n    \u001b[2m  }\u001b[22m\n    \u001b[2m  \u001b[22m\n    \u001b[2m  .c2 {\u001b[22m\n    \u001b[2m    background: yellow;\u001b[22m\n    \u001b[2m    width: 100%;\u001b[22m\n    \u001b[31m+   mix-blend-mode: multiply;\u001b[39m\n    \u001b[2m  }\u001b[22m\n    \u001b[2m  \u001b[22m\n    \u001b[2m  <div\u001b[22m\n    \u001b[2m      className=\"c0\"\u001b[22m\n    \u001b[2m    >\u001b[22m\n    \u001b[33m@@ -118,10 +120,11 @@\u001b[39m\n    \u001b[2m  }\u001b[22m\n    \u001b[2m  \u001b[22m\n    \u001b[2m  .c2 {\u001b[22m\n    \u001b[2m    background: yellow;\u001b[22m\n    \u001b[2m    width: 100%;\u001b[22m\n    \u001b[31m+   mix-blend-mode: multiply;\u001b[39m\n    \u001b[2m  }\u001b[22m\n    \u001b[2m  \u001b[22m\n    \u001b[2m  <div\u001b[22m\n    \u001b[2m      className=\"c0\"\u001b[22m\n    \u001b[2m    >\u001b[22m\n\u001b[2m\u001b[22m\n\u001b[2m    \u001b[0m \u001b[90m 17 | \u001b[39m\u001b[0m\u001b[22m\n\u001b[2m    \u001b[0m \u001b[90m 18 | \u001b[39m        test(\u001b[32m'Demo'\u001b[39m\u001b[33m,\u001b[39m ()\u001b[33m:\u001b[39m \u001b[36mvoid\u001b[39m \u001b[33m=>\u001b[39m {\u001b[0m\u001b[22m\n\u001b[2m    \u001b[0m\u001b[31m\u001b[1m>\u001b[2m\u001b[39m\u001b[90m 19 | \u001b[39m          expect(renderer\u001b[33m.\u001b[39mcreate(\u001b[33m<\u001b[39m\u001b[33mShorthands\u001b[39m \u001b[33m/\u001b[39m\u001b[33m>\u001b[39m)\u001b[33m.\u001b[39mtoJSON())\u001b[33m.\u001b[39mtoMatchSnapshot()\u001b[33m;\u001b[39m\u001b[0m\u001b[22m\n\u001b[2m    \u001b[0m \u001b[90m    | \u001b[39m                                                           \u001b[31m\u001b[1m^\u001b[2m\u001b[39m\u001b[0m\u001b[22m\n\u001b[2m    \u001b[0m \u001b[90m 20 | \u001b[39m        })\u001b[33m;\u001b[39m\u001b[0m\u001b[22m\n\u001b[2m    \u001b[0m \u001b[90m 21 | \u001b[39m\u001b[0m\u001b[22m\n\u001b[2m    \u001b[0m \u001b[90m 22 | \u001b[39m        test(\u001b[32m'Directions'\u001b[39m\u001b[33m,\u001b[39m ()\u001b[33m:\u001b[39m \u001b[36mvoid\u001b[39m \u001b[33m=>\u001b[39m {\u001b[0m\u001b[22m\n\u001b[2m\u001b[22m\n\u001b[2m      \u001b[2mat Object.<anonymous> (\u001b[2m\u001b[0m\u001b[36msrc/ui/components/elements/Position/__tests__/snapshots.test.tsx\u001b[39m\u001b[0m\u001b[2m:19:60)\u001b[2m\u001b[22m\n\n\u001b[1m\u001b[31m  \u001b[1m● \u001b[1mUI Components › Elements › Position › snapshots › Directions\u001b[39m\u001b[22m\n\n    \u001b[2mexpect(\u001b[22m\u001b[31mreceived\u001b[39m\u001b[2m).\u001b[22mtoMatchSnapshot\u001b[2m()\u001b[22m\n\n    Snapshot name: `UI Components Elements Position snapshots Directions 1`\n\n    \u001b[32m- Snapshot\u001b[39m\n    \u001b[31m+ Received\u001b[39m\n\n    \u001b[33m@@ -26,10 +26,11 @@\u001b[39m\n    \u001b[2m  }\u001b[22m\n    \u001b[2m  \u001b[22m\n    \u001b[2m  .c2 {\u001b[22m\n    \u001b[2m    background: yellow;\u001b[22m\n    \u001b[2m    width: 100%;\u001b[22m\n    \u001b[31m+   mix-blend-mode: multiply;\u001b[39m\n    \u001b[2m  }\u001b[22m\n    \u001b[2m  \u001b[22m\n    \u001b[2m  <div\u001b[22m\n    \u001b[2m      className=\"c0\"\u001b[22m\n    \u001b[2m    >\u001b[22m\n    \u001b[33m@@ -72,10 +73,11 @@\u001b[39m\n    \u001b[2m  }\u001b[22m\n    \u001b[2m  \u001b[22m\n    \u001b[2m  .c2 {\u001b[22m\n    \u001b[2m    background: yellow;\u001b[22m\n    \u001b[2m    width: 100%;\u001b[22m\n    \u001b[31m+   mix-blend-mode: multiply;\u001b[39m\n    \u001b[2m  }\u001b[22m\n    \u001b[2m  \u001b[22m\n    \u001b[2m  <div\u001b[22m\n    \u001b[2m      className=\"c0\"\u001b[22m\n    \u001b[2m    >\u001b[22m\n    \u001b[33m@@ -118,10 +120,11 @@\u001b[39m\n    \u001b[2m  }\u001b[22m\n    \u001b[2m  \u001b[22m\n    \u001b[2m  .c2 {\u001b[22m\n    \u001b[2m    background: yellow;\u001b[22m\n    \u001b[2m    width: 100%;\u001b[22m\n    \u001b[31m+   mix-blend-mode: multiply;\u001b[39m\n    \u001b[2m  }\u001b[22m\n    \u001b[2m  \u001b[22m\n    \u001b[2m  <div\u001b[22m\n    \u001b[2m      className=\"c0\"\u001b[22m\n    \u001b[2m    >\u001b[22m\n    \u001b[33m@@ -164,10 +167,11 @@\u001b[39m\n    \u001b[2m  }\u001b[22m\n    \u001b[2m  \u001b[22m\n    \u001b[2m  .c2 {\u001b[22m\n    \u001b[2m    background: yellow;\u001b[22m\n    \u001b[2m    width: 100%;\u001b[22m\n    \u001b[31m+   mix-blend-mode: multiply;\u001b[39m\n    \u001b[2m  }\u001b[22m\n    \u001b[2m  \u001b[22m\n    \u001b[2m  <div\u001b[22m\n    \u001b[2m      className=\"c0\"\u001b[22m\n    \u001b[2m    >\u001b[22m\n\u001b[2m\u001b[22m\n\u001b[2m    \u001b[0m \u001b[90m 21 | \u001b[39m\u001b[0m\u001b[22m\n\u001b[2m    \u001b[0m \u001b[90m 22 | \u001b[39m        test(\u001b[32m'Directions'\u001b[39m\u001b[33m,\u001b[39m ()\u001b[33m:\u001b[39m \u001b[36mvoid\u001b[39m \u001b[33m=>\u001b[39m {\u001b[0m\u001b[22m\n\u001b[2m    \u001b[0m\u001b[31m\u001b[1m>\u001b[2m\u001b[39m\u001b[90m 23 | \u001b[39m          expect(renderer\u001b[33m.\u001b[39mcreate(\u001b[33m<\u001b[39m\u001b[33mSides\u001b[39m \u001b[33m/\u001b[39m\u001b[33m>\u001b[39m)\u001b[33m.\u001b[39mtoJSON())\u001b[33m.\u001b[39mtoMatchSnapshot()\u001b[33m;\u001b[39m\u001b[0m\u001b[22m\n\u001b[2m    \u001b[0m \u001b[90m    | \u001b[39m                                                      \u001b[31m\u001b[1m^\u001b[2m\u001b[39m\u001b[0m\u001b[22m\n\u001b[2m    \u001b[0m \u001b[90m 24 | \u001b[39m        })\u001b[33m;\u001b[39m\u001b[0m\u001b[22m\n\u001b[2m    \u001b[0m \u001b[90m 25 | \u001b[39m\u001b[0m\u001b[22m\n\u001b[2m    \u001b[0m \u001b[90m 26 | \u001b[39m        test(\u001b[32m'Minimal'\u001b[39m\u001b[33m,\u001b[39m ()\u001b[33m:\u001b[39m \u001b[36mvoid\u001b[39m \u001b[33m=>\u001b[39m {\u001b[0m\u001b[22m\n\u001b[2m\u001b[22m\n\u001b[2m      \u001b[2mat Object.<anonymous> (\u001b[2m\u001b[0m\u001b[36msrc/ui/components/elements/Position/__tests__/snapshots.test.tsx\u001b[39m\u001b[0m\u001b[2m:23:55)\u001b[2m\u001b[22m\n\n\u001b[1m\u001b[31m  \u001b[1m● \u001b[1mUI Components › Elements › Position › snapshots › Minimal\u001b[39m\u001b[22m\n\n    \u001b[2mexpect(\u001b[22m\u001b[31mreceived\u001b[39m\u001b[2m).\u001b[22mtoMatchSnapshot\u001b[2m()\u001b[22m\n\n    Snapshot name: `UI Components Elements Position snapshots Minimal 1`\n\n    \u001b[32m- Snapshot\u001b[39m\n    \u001b[31m+ Received\u001b[39m\n\n    \u001b[33m@@ -21,10 +21,11 @@\u001b[39m\n    \u001b[2m  }\u001b[22m\n    \u001b[2m  \u001b[22m\n    \u001b[2m  .c1 {\u001b[22m\n    \u001b[2m    background: yellow;\u001b[22m\n    \u001b[2m    width: 100%;\u001b[22m\n    \u001b[31m+   mix-blend-mode: multiply;\u001b[39m\n    \u001b[2m  }\u001b[22m\n    \u001b[2m  \u001b[22m\n    \u001b[2m  <div>\u001b[22m\n    \u001b[2m      <div\u001b[22m\n    \u001b[2m        className=\"c0\"\u001b[22m\n    \u001b[33m@@ -36,11 +37,11 @@\u001b[39m\n    \u001b[2m        >\u001b[22m\n    \u001b[2m          Hello World!\u001b[22m\n    \u001b[2m        </div>\u001b[22m\n    \u001b[2m      </div>\u001b[22m\n    \u001b[2m    </div>,\u001b[22m\n    \u001b[32m-   .c1 {\u001b[39m\n    \u001b[31m+   .c0 {\u001b[39m\n    \u001b[2m    display: -webkit-inline-box;\u001b[22m\n    \u001b[2m    display: -webkit-inline-flex;\u001b[22m\n    \u001b[2m    display: -ms-inline-flexbox;\u001b[22m\n    \u001b[2m    display: inline-flex;\u001b[22m\n    \u001b[2m    width: autopx;\u001b[22m\n    \u001b[33m@@ -57,42 +58,35 @@\u001b[39m\n    \u001b[2m    padding-right: 0;\u001b[22m\n    \u001b[2m    padding-bottom: 0;\u001b[22m\n    \u001b[2m    padding-left: 0;\u001b[22m\n    \u001b[2m  }\u001b[22m\n    \u001b[2m  \u001b[22m\n    \u001b[32m- .c0 {\u001b[39m\n    \u001b[32m-   border: 1px dashed blue;\u001b[39m\n    \u001b[32m-   display: inline-block;\u001b[39m\n    \u001b[32m- }\u001b[39m\n    \u001b[32m- \u001b[39m\n    \u001b[32m- .c2 {\u001b[39m\n    \u001b[31m+ .c1 {\u001b[39m\n    \u001b[2m    background: yellow;\u001b[22m\n    \u001b[2m    width: 100%;\u001b[22m\n    \u001b[31m+   mix-blend-mode: multiply;\u001b[39m\n    \u001b[2m  }\u001b[22m\n    \u001b[2m  \u001b[22m\n    \u001b[2m  <div>\u001b[22m\n    \u001b[2m      <div\u001b[22m\n    \u001b[2m        className=\"c0\"\u001b[22m\n    \u001b[32m-     />\u001b[39m\n    \u001b[32m-     <div\u001b[39m\n    \u001b[32m-       className=\"c1\"\u001b[39m\n    \u001b[2m        height=\"auto\"\u001b[22m\n    \u001b[2m        width=\"auto\"\u001b[22m\n    \u001b[2m      >\u001b[22m\n    \u001b[2m        <div\u001b[22m\n    \u001b[32m-         className=\"c2\"\u001b[39m\n    \u001b[31m+         className=\"c1\"\u001b[39m\n    \u001b[2m        >\u001b[22m\n    \u001b[2m          Hello World!\u001b[22m\n    \u001b[2m        </div>\u001b[22m\n    \u001b[2m      </div>\u001b[22m\n    \u001b[2m    </div>,\u001b[22m\n    \u001b[32m-   .c1 {\u001b[39m\n    \u001b[31m+   .c0 {\u001b[39m\n    \u001b[2m    display: -webkit-inline-box;\u001b[22m\n    \u001b[2m    display: -webkit-inline-flex;\u001b[22m\n    \u001b[2m    display: -ms-inline-flexbox;\u001b[22m\n    \u001b[2m    display: inline-flex;\u001b[22m\n    \u001b[32m-   width: 250px;\u001b[39m\n    \u001b[31m+   width: 100px;\u001b[39m\n    \u001b[2m    height: autopx;\u001b[22m\n    \u001b[2m    -webkit-box-pack: start;\u001b[22m\n    \u001b[2m    -webkit-justify-content: flex-start;\u001b[22m\n    \u001b[2m    -ms-flex-pack: start;\u001b[22m\n    \u001b[2m    justify-content: flex-start;\u001b[22m\n    \u001b[33m@@ -104,30 +98,24 @@\u001b[39m\n    \u001b[2m    padding-right: 0;\u001b[22m\n    \u001b[2m    padding-bottom: 0;\u001b[22m\n    \u001b[2m    padding-left: 0;\u001b[22m\n    \u001b[2m  }\u001b[22m\n    \u001b[2m  \u001b[22m\n    \u001b[32m- .c0 {\u001b[39m\n    \u001b[32m-   border: 1px dashed blue;\u001b[39m\n    \u001b[32m-   display: inline-block;\u001b[39m\n    \u001b[32m- }\u001b[39m\n    \u001b[32m- \u001b[39m\n    \u001b[32m- .c2 {\u001b[39m\n    \u001b[31m+ .c1 {\u001b[39m\n    \u001b[2m    background: yellow;\u001b[22m\n    \u001b[2m    width: 100%;\u001b[22m\n    \u001b[31m+   mix-blend-mode: multiply;\u001b[39m\n    \u001b[2m  }\u001b[22m\n    \u001b[2m  \u001b[22m\n    \u001b[32m- <div\u001b[39m\n    \u001b[32m-     className=\"c0\"\u001b[39m\n    \u001b[32m-   >\u001b[39m\n    \u001b[31m+ <div>\u001b[39m\n    \u001b[2m      <div\u001b[22m\n    \u001b[32m-       className=\"c1\"\u001b[39m\n    \u001b[31m+       className=\"c0\"\u001b[39m\n    \u001b[2m        height=\"auto\"\u001b[22m\n    \u001b[32m-       width={250}\u001b[39m\n    \u001b[31m+       width={100}\u001b[39m\n    \u001b[2m      >\u001b[22m\n    \u001b[2m        <div\u001b[22m\n    \u001b[32m-         className=\"c2\"\u001b[39m\n    \u001b[31m+         className=\"c1\"\u001b[39m\n    \u001b[2m        >\u001b[22m\n    \u001b[2m          Hello World!\u001b[22m\n    \u001b[2m        </div>\u001b[22m\n    \u001b[2m      </div>\u001b[22m\n    \u001b[2m    </div>,\u001b[22m\n\u001b[2m\u001b[22m\n\u001b[2m    \u001b[0m \u001b[90m 25 | \u001b[39m\u001b[0m\u001b[22m\n\u001b[2m    \u001b[0m \u001b[90m 26 | \u001b[39m        test(\u001b[32m'Minimal'\u001b[39m\u001b[33m,\u001b[39m ()\u001b[33m:\u001b[39m \u001b[36mvoid\u001b[39m \u001b[33m=>\u001b[39m {\u001b[0m\u001b[22m\n\u001b[2m    \u001b[0m\u001b[31m\u001b[1m>\u001b[2m\u001b[39m\u001b[90m 27 | \u001b[39m          expect(renderer\u001b[33m.\u001b[39mcreate(\u001b[33m<\u001b[39m\u001b[33mSizes\u001b[39m \u001b[33m/\u001b[39m\u001b[33m>\u001b[39m)\u001b[33m.\u001b[39mtoJSON())\u001b[33m.\u001b[39mtoMatchSnapshot()\u001b[33m;\u001b[39m\u001b[0m\u001b[22m\n\u001b[2m    \u001b[0m \u001b[90m    | \u001b[39m                                                      \u001b[31m\u001b[1m^\u001b[2m\u001b[39m\u001b[0m\u001b[22m\n\u001b[2m    \u001b[0m \u001b[90m 28 | \u001b[39m        })\u001b[33m;\u001b[39m\u001b[0m\u001b[22m\n\u001b[2m    \u001b[0m \u001b[90m 29 | \u001b[39m\u001b[0m\u001b[22m\n\u001b[2m    \u001b[0m \u001b[90m 30 | \u001b[39m        test(\u001b[32m'Spacing'\u001b[39m\u001b[33m,\u001b[39m ()\u001b[33m:\u001b[39m \u001b[36mvoid\u001b[39m \u001b[33m=>\u001b[39m {\u001b[0m\u001b[22m\n\u001b[2m\u001b[22m\n\u001b[2m      \u001b[2mat Object.<anonymous> (\u001b[2m\u001b[0m\u001b[36msrc/ui/components/elements/Position/__tests__/snapshots.test.tsx\u001b[39m\u001b[0m\u001b[2m:27:55)\u001b[2m\u001b[22m\n\n\u001b[1m\u001b[31m  \u001b[1m● \u001b[1mUI Components › Elements › Position › snapshots › Spacing\u001b[39m\u001b[22m\n\n    \u001b[2mexpect(\u001b[22m\u001b[31mreceived\u001b[39m\u001b[2m).\u001b[22mtoMatchSnapshot\u001b[2m()\u001b[22m\n\n    Snapshot name: `UI Components Elements Position snapshots Spacing 1`\n\n    \u001b[32m- Snapshot\u001b[39m\n    \u001b[31m+ Received\u001b[39m\n\n    \u001b[33m@@ -26,10 +26,11 @@\u001b[39m\n    \u001b[2m  }\u001b[22m\n    \u001b[2m  \u001b[22m\n    \u001b[2m  .c2 {\u001b[22m\n    \u001b[2m    background: yellow;\u001b[22m\n    \u001b[2m    width: 100%;\u001b[22m\n    \u001b[31m+   mix-blend-mode: multiply;\u001b[39m\n    \u001b[2m  }\u001b[22m\n    \u001b[2m  \u001b[22m\n    \u001b[2m  <div\u001b[22m\n    \u001b[2m      className=\"c0\"\u001b[22m\n    \u001b[2m    >\u001b[22m\n    \u001b[33m@@ -72,10 +73,11 @@\u001b[39m\n    \u001b[2m  }\u001b[22m\n    \u001b[2m  \u001b[22m\n    \u001b[2m  .c2 {\u001b[22m\n    \u001b[2m    background: yellow;\u001b[22m\n    \u001b[2m    width: 100%;\u001b[22m\n    \u001b[31m+   mix-blend-mode: multiply;\u001b[39m\n    \u001b[2m  }\u001b[22m\n    \u001b[2m  \u001b[22m\n    \u001b[2m  <div\u001b[22m\n    \u001b[2m      className=\"c0\"\u001b[22m\n    \u001b[2m    >\u001b[22m\n    \u001b[33m@@ -118,10 +120,11 @@\u001b[39m\n    \u001b[2m  }\u001b[22m\n    \u001b[2m  \u001b[22m\n    \u001b[2m  .c2 {\u001b[22m\n    \u001b[2m    background: yellow;\u001b[22m\n    \u001b[2m    width: 100%;\u001b[22m\n    \u001b[31m+   mix-blend-mode: multiply;\u001b[39m\n    \u001b[2m  }\u001b[22m\n    \u001b[2m  \u001b[22m\n    \u001b[2m  <div\u001b[22m\n    \u001b[2m      className=\"c0\"\u001b[22m\n    \u001b[2m    >\u001b[22m\n    \u001b[33m@@ -164,10 +167,11 @@\u001b[39m\n    \u001b[2m  }\u001b[22m\n    \u001b[2m  \u001b[22m\n    \u001b[2m  .c2 {\u001b[22m\n    \u001b[2m    background: yellow;\u001b[22m\n    \u001b[2m    width: 100%;\u001b[22m\n    \u001b[31m+   mix-blend-mode: multiply;\u001b[39m\n    \u001b[2m  }\u001b[22m\n    \u001b[2m  \u001b[22m\n    \u001b[2m  <div\u001b[22m\n    \u001b[2m      className=\"c0\"\u001b[22m\n    \u001b[2m    >\u001b[22m\n    \u001b[33m@@ -210,10 +214,11 @@\u001b[39m\n    \u001b[2m  }\u001b[22m\n    \u001b[2m  \u001b[22m\n    \u001b[2m  .c2 {\u001b[22m\n    \u001b[2m    background: yellow;\u001b[22m\n    \u001b[2m    width: 100%;\u001b[22m\n    \u001b[31m+   mix-blend-mode: multiply;\u001b[39m\n    \u001b[2m  }\u001b[22m\n    \u001b[2m  \u001b[22m\n    \u001b[2m  <div\u001b[22m\n    \u001b[2m      className=\"c0\"\u001b[22m\n    \u001b[2m    >\u001b[22m\n\u001b[2m\u001b[22m\n\u001b[2m    \u001b[0m \u001b[90m 29 | \u001b[39m\u001b[0m\u001b[22m\n\u001b[2m    \u001b[0m \u001b[90m 30 | \u001b[39m        test(\u001b[32m'Spacing'\u001b[39m\u001b[33m,\u001b[39m ()\u001b[33m:\u001b[39m \u001b[36mvoid\u001b[39m \u001b[33m=>\u001b[39m {\u001b[0m\u001b[22m\n\u001b[2m    \u001b[0m\u001b[31m\u001b[1m>\u001b[2m\u001b[39m\u001b[90m 31 | \u001b[39m          expect(renderer\u001b[33m.\u001b[39mcreate(\u001b[33m<\u001b[39m\u001b[33mSpacing\u001b[39m \u001b[33m/\u001b[39m\u001b[33m>\u001b[39m)\u001b[33m.\u001b[39mtoJSON())\u001b[33m.\u001b[39mtoMatchSnapshot()\u001b[33m;\u001b[39m\u001b[0m\u001b[22m\n\u001b[2m    \u001b[0m \u001b[90m    | \u001b[39m                                                        \u001b[31m\u001b[1m^\u001b[2m\u001b[39m\u001b[0m\u001b[22m\n\u001b[2m    \u001b[0m \u001b[90m 32 | \u001b[39m        })\u001b[33m;\u001b[39m\u001b[0m\u001b[22m\n\u001b[2m    \u001b[0m \u001b[90m 33 | \u001b[39m      })\u001b[33m;\u001b[39m\u001b[0m\u001b[22m\n\u001b[2m    \u001b[0m \u001b[90m 34 | \u001b[39m    })\u001b[33m;\u001b[39m\u001b[0m\u001b[22m\n\u001b[2m\u001b[22m\n\u001b[2m      \u001b[2mat Object.<anonymous> (\u001b[2m\u001b[0m\u001b[36msrc/ui/components/elements/Position/__tests__/snapshots.test.tsx\u001b[39m\u001b[0m\u001b[2m:31:57)\u001b[2m\u001b[22m\n","name":"C:\\Users\\vente\\Desktop\\coloringbook\\src\\ui\\components\\elements\\Position\\__tests__\\snapshots.test.tsx","startTime":1578300779250,"status":"failed","summary":""},{"assertionResults":[{"ancestorTitles":["UI Components","Elements","Button","snapshots"],"failureMessages":[],"fullName":"UI Components Elements Button snapshots Default","location":null,"status":"passed","title":"Default"},{"ancestorTitles":["UI Components","Elements","Button","snapshots"],"failureMessages":[],"fullName":"UI Components Elements Button snapshots Actions","location":null,"status":"passed","title":"Actions"},{"ancestorTitles":["UI Components","Elements","Button","snapshots"],"failureMessages":[],"fullName":"UI Components Elements Button snapshots Colors","location":null,"status":"passed","title":"Colors"},{"ancestorTitles":["UI Components","Elements","Button","snapshots"],"failureMessages":[],"fullName":"UI Components Elements Button snapshots Disabled","location":null,"status":"passed","title":"Disabled"},{"ancestorTitles":["UI Components","Elements","Button","snapshots"],"failureMessages":[],"fullName":"UI Components Elements Button snapshots Icon","location":null,"status":"passed","title":"Icon"},{"ancestorTitles":["UI Components","Elements","Button","snapshots"],"failureMessages":[],"fullName":"UI Components Elements Button snapshots Loading","location":null,"status":"passed","title":"Loading"}],"endTime":1578300795164,"message":"","name":"C:\\Users\\vente\\Desktop\\coloringbook\\src\\ui\\components\\elements\\Button\\__tests__\\snapshots.test.tsx","startTime":1578300779255,"status":"passed","summary":""}],"wasInterrupted":false}